DEBUG:asyncio:Using selector: EpollSelector
DEBUG:root:Finding videos in /home/max/Videos/.hidden...
DEBUG:root:Validating file: step Daddy Makes Have Sex.mp4 in /home/max/Videos/.hidden
DEBUG:root:Validating file: Dorcel Club Mina Sauvage condom ass fucking.mp4 in /home/max/Videos/.hidden
DEBUG:root:Validating file: Fitness Trainer Fucked A Skinny Russian Beauty.mp4 in /home/max/Videos/.hidden
DEBUG:root:Validating file: Danni Rivers & Zoe Bloom donate their Vagina Juice on Stepbro's Sunburned cock.mp4 in /home/max/Videos/.hidden
DEBUG:root:Validating file: Devon Green - (TeenFidelity).mp4 in /home/max/Videos/.hidden
DEBUG:root:Validating file: FamilyStrokes - Busty StepSis Sneaks In Her StepBro's Room For A Quickie.mp4 in /home/max/Videos/.hidden
DEBUG:root:Validating file: Drunk-girls-are-easy-to-fuck - Punishworld com.mp4 in /home/max/Videos/.hidden
DEBUG:root:Validating file: Curious Muslim Nadia Ali Gets Filled With Jizz By The Neighbours.mp4 in /home/max/Videos/.hidden
DEBUG:root:Validating file: I love watching Netflix with my stepdad_ can I lie on your lap_.mp4 in /home/max/Videos/.hidden
DEBUG:root:Validating file: Pornstars Big Tits - Gianna Michaels (Gianna Michaels).mp4 in /home/max/Videos/.hidden
DEBUG:root:Validating file: K and pkf - Darknessporn com.mp4 in /home/max/Videos/.hidden
DEBUG:root:Validating file: My stepsister and stepmom love my big cock.mp4 in /home/max/Videos/.hidden
DEBUG:root:Validating file: 18 best options p4pi 29 winter jade teenfidelity japanese.mp4 in /home/max/Videos/.hidden
DEBUG:root:Validating file: Stepsister Wants To Use My Cock As Dildo.mp4 in /home/max/Videos/.hidden
DEBUG:root:Validating file: pink haired gang banged at cosplay convention - anybunny com.mp4 in /home/max/Videos/.hidden
DEBUG:root:Validating file: Stepsister secretly fucking stepbro.mp4 in /home/max/Videos/.hidden
DEBUG:root:Validating file: FreeUseGirls - Hot Stepsister & Best Friend Anytime Sex For Big Dick Step Brother.mp4 in /home/max/Videos/.hidden
DEBUG:root:Validating file: Big fucks gamer step sister.mp4 in /home/max/Videos/.hidden
DEBUG:root:Validating file: Horny huge natural tits mature fucking her y. lover.mp4 in /home/max/Videos/.hidden
DEBUG:root:Validating file: First time trying anal - went hardcore at the end.mp4 in /home/max/Videos/.hidden
DEBUG:root:Validating file: She pulled over the car lowered her panties and FUCKED right the .mp4 in /home/max/Videos/.hidden
DEBUG:root:Validating file: Gianna michaels super naturals 3.mp4 in /home/max/Videos/.hidden
DEBUG:root:Validating file: Let_s be quiet___ Our stepfather can_t realize _ he_s secretly putting it all in me _2.mp4 in /home/max/Videos/.hidden
DEBUG:root:Validating file: Pink Ribbon comma Kay comma Pkf - Darknessporn com.mp4 in /home/max/Videos/.hidden
DEBUG:root:Validating file: The hots for teacher.mp4 in /home/max/Videos/.hidden
DEBUG:root:Validating file: Watch abella danger border patrol - Abella Danger Border Patrol .mp4 in /home/max/Videos/.hidden
DEBUG:root:Validating file: TEENFIDELITY - LAYLA LONDON.mp4 in /home/max/Videos/.hidden
DEBUG:root:Validating file: She Reserved Her Own Residence Invasion - Darknessporn com.mp4 in /home/max/Videos/.hidden
DEBUG:root:Validating file: DungeonCorp Sabrina Banks Introducing His Demons 3.mp4 in /home/max/Videos/.hidden
DEBUG:asyncio:Using selector: EpollSelector
DEBUG:root:Finding videos in /home/max/Videos/.hidden...
DEBUG:root:Validating file: step Daddy Makes Have Sex.mp4 in /home/max/Videos/.hidden
WARNING:root:File: step Daddy Makes Have Sex.mp4; alraedy exists in db.
DEBUG:root:Validating file: Dorcel Club Mina Sauvage condom ass fucking.mp4 in /home/max/Videos/.hidden
WARNING:root:File: Dorcel Club Mina Sauvage condom ass fucking.mp4; alraedy exists in db.
DEBUG:root:Validating file: Fitness Trainer Fucked A Skinny Russian Beauty.mp4 in /home/max/Videos/.hidden
WARNING:root:File: Fitness Trainer Fucked A Skinny Russian Beauty.mp4; alraedy exists in db.
DEBUG:root:Validating file: Danni Rivers & Zoe Bloom donate their Vagina Juice on Stepbro's Sunburned cock.mp4 in /home/max/Videos/.hidden
WARNING:root:File: Danni Rivers & Zoe Bloom donate their Vagina Juice on Stepbro's Sunburned cock.mp4; alraedy exists in db.
DEBUG:root:Validating file: Devon Green - (TeenFidelity).mp4 in /home/max/Videos/.hidden
WARNING:root:File: Devon Green - (TeenFidelity).mp4; alraedy exists in db.
DEBUG:root:Validating file: FamilyStrokes - Busty StepSis Sneaks In Her StepBro's Room For A Quickie.mp4 in /home/max/Videos/.hidden
WARNING:root:File: FamilyStrokes - Busty StepSis Sneaks In Her StepBro's Room For A Quickie.mp4; alraedy exists in db.
DEBUG:root:Validating file: Drunk-girls-are-easy-to-fuck - Punishworld com.mp4 in /home/max/Videos/.hidden
WARNING:root:File: Drunk-girls-are-easy-to-fuck - Punishworld com.mp4; alraedy exists in db.
DEBUG:root:Validating file: Curious Muslim Nadia Ali Gets Filled With Jizz By The Neighbours.mp4 in /home/max/Videos/.hidden
WARNING:root:File: Curious Muslim Nadia Ali Gets Filled With Jizz By The Neighbours.mp4; alraedy exists in db.
DEBUG:root:Validating file: I love watching Netflix with my stepdad_ can I lie on your lap_.mp4 in /home/max/Videos/.hidden
WARNING:root:File: I love watching Netflix with my stepdad_ can I lie on your lap_.mp4; alraedy exists in db.
DEBUG:root:Validating file: Pornstars Big Tits - Gianna Michaels (Gianna Michaels).mp4 in /home/max/Videos/.hidden
WARNING:root:File: Pornstars Big Tits - Gianna Michaels (Gianna Michaels).mp4; alraedy exists in db.
DEBUG:root:Validating file: K and pkf - Darknessporn com.mp4 in /home/max/Videos/.hidden
WARNING:root:File: K and pkf - Darknessporn com.mp4; alraedy exists in db.
DEBUG:root:Validating file: My stepsister and stepmom love my big cock.mp4 in /home/max/Videos/.hidden
WARNING:root:File: My stepsister and stepmom love my big cock.mp4; alraedy exists in db.
DEBUG:root:Validating file: 18 best options p4pi 29 winter jade teenfidelity japanese.mp4 in /home/max/Videos/.hidden
WARNING:root:File: 18 best options p4pi 29 winter jade teenfidelity japanese.mp4; alraedy exists in db.
DEBUG:root:Validating file: Stepsister Wants To Use My Cock As Dildo.mp4 in /home/max/Videos/.hidden
WARNING:root:File: Stepsister Wants To Use My Cock As Dildo.mp4; alraedy exists in db.
DEBUG:root:Validating file: pink haired gang banged at cosplay convention - anybunny com.mp4 in /home/max/Videos/.hidden
WARNING:root:File: pink haired gang banged at cosplay convention - anybunny com.mp4; alraedy exists in db.
DEBUG:root:Validating file: Stepsister secretly fucking stepbro.mp4 in /home/max/Videos/.hidden
WARNING:root:File: Stepsister secretly fucking stepbro.mp4; alraedy exists in db.
DEBUG:root:Validating file: FreeUseGirls - Hot Stepsister & Best Friend Anytime Sex For Big Dick Step Brother.mp4 in /home/max/Videos/.hidden
WARNING:root:File: FreeUseGirls - Hot Stepsister & Best Friend Anytime Sex For Big Dick Step Brother.mp4; alraedy exists in db.
DEBUG:root:Validating file: Big fucks gamer step sister.mp4 in /home/max/Videos/.hidden
WARNING:root:File: Big fucks gamer step sister.mp4; alraedy exists in db.
DEBUG:root:Validating file: Horny huge natural tits mature fucking her y. lover.mp4 in /home/max/Videos/.hidden
WARNING:root:File: Horny huge natural tits mature fucking her y. lover.mp4; alraedy exists in db.
DEBUG:root:Validating file: First time trying anal - went hardcore at the end.mp4 in /home/max/Videos/.hidden
WARNING:root:File: First time trying anal - went hardcore at the end.mp4; alraedy exists in db.
DEBUG:root:Validating file: She pulled over the car lowered her panties and FUCKED right the .mp4 in /home/max/Videos/.hidden
WARNING:root:File: She pulled over the car lowered her panties and FUCKED right the .mp4; alraedy exists in db.
DEBUG:root:Validating file: Gianna michaels super naturals 3.mp4 in /home/max/Videos/.hidden
WARNING:root:File: Gianna michaels super naturals 3.mp4; alraedy exists in db.
DEBUG:root:Validating file: Let_s be quiet___ Our stepfather can_t realize _ he_s secretly putting it all in me _2.mp4 in /home/max/Videos/.hidden
WARNING:root:File: Let_s be quiet___ Our stepfather can_t realize _ he_s secretly putting it all in me _2.mp4; alraedy exists in db.
DEBUG:root:Validating file: Pink Ribbon comma Kay comma Pkf - Darknessporn com.mp4 in /home/max/Videos/.hidden
WARNING:root:File: Pink Ribbon comma Kay comma Pkf - Darknessporn com.mp4; alraedy exists in db.
DEBUG:root:Validating file: The hots for teacher.mp4 in /home/max/Videos/.hidden
WARNING:root:File: The hots for teacher.mp4; alraedy exists in db.
DEBUG:root:Validating file: Watch abella danger border patrol - Abella Danger Border Patrol .mp4 in /home/max/Videos/.hidden
WARNING:root:File: Watch abella danger border patrol - Abella Danger Border Patrol .mp4; alraedy exists in db.
DEBUG:root:Validating file: TEENFIDELITY - LAYLA LONDON.mp4 in /home/max/Videos/.hidden
WARNING:root:File: TEENFIDELITY - LAYLA LONDON.mp4; alraedy exists in db.
DEBUG:root:Validating file: She Reserved Her Own Residence Invasion - Darknessporn com.mp4 in /home/max/Videos/.hidden
WARNING:root:File: She Reserved Her Own Residence Invasion - Darknessporn com.mp4; alraedy exists in db.
DEBUG:root:Validating file: DungeonCorp Sabrina Banks Introducing His Demons 3.mp4 in /home/max/Videos/.hidden
WARNING:root:File: DungeonCorp Sabrina Banks Introducing His Demons 3.mp4; alraedy exists in db.
DEBUG:root:Finding videos in /home/max/Videos/.hidden...
DEBUG:root:Validating file: step Daddy Makes Have Sex.mp4 in /home/max/Videos/.hidden
WARNING:root:File: step Daddy Makes Have Sex.mp4; alraedy exists in db.
DEBUG:root:Validating file: Dorcel Club Mina Sauvage condom ass fucking.mp4 in /home/max/Videos/.hidden
WARNING:root:File: Dorcel Club Mina Sauvage condom ass fucking.mp4; alraedy exists in db.
DEBUG:root:Validating file: Fitness Trainer Fucked A Skinny Russian Beauty.mp4 in /home/max/Videos/.hidden
WARNING:root:File: Fitness Trainer Fucked A Skinny Russian Beauty.mp4; alraedy exists in db.
DEBUG:root:Validating file: Danni Rivers & Zoe Bloom donate their Vagina Juice on Stepbro's Sunburned cock.mp4 in /home/max/Videos/.hidden
WARNING:root:File: Danni Rivers & Zoe Bloom donate their Vagina Juice on Stepbro's Sunburned cock.mp4; alraedy exists in db.
DEBUG:root:Validating file: Devon Green - (TeenFidelity).mp4 in /home/max/Videos/.hidden
WARNING:root:File: Devon Green - (TeenFidelity).mp4; alraedy exists in db.
DEBUG:root:Validating file: FamilyStrokes - Busty StepSis Sneaks In Her StepBro's Room For A Quickie.mp4 in /home/max/Videos/.hidden
WARNING:root:File: FamilyStrokes - Busty StepSis Sneaks In Her StepBro's Room For A Quickie.mp4; alraedy exists in db.
DEBUG:root:Validating file: Drunk-girls-are-easy-to-fuck - Punishworld com.mp4 in /home/max/Videos/.hidden
WARNING:root:File: Drunk-girls-are-easy-to-fuck - Punishworld com.mp4; alraedy exists in db.
DEBUG:root:Validating file: Curious Muslim Nadia Ali Gets Filled With Jizz By The Neighbours.mp4 in /home/max/Videos/.hidden
WARNING:root:File: Curious Muslim Nadia Ali Gets Filled With Jizz By The Neighbours.mp4; alraedy exists in db.
DEBUG:root:Validating file: I love watching Netflix with my stepdad_ can I lie on your lap_.mp4 in /home/max/Videos/.hidden
WARNING:root:File: I love watching Netflix with my stepdad_ can I lie on your lap_.mp4; alraedy exists in db.
DEBUG:root:Validating file: Pornstars Big Tits - Gianna Michaels (Gianna Michaels).mp4 in /home/max/Videos/.hidden
WARNING:root:File: Pornstars Big Tits - Gianna Michaels (Gianna Michaels).mp4; alraedy exists in db.
DEBUG:root:Validating file: K and pkf - Darknessporn com.mp4 in /home/max/Videos/.hidden
WARNING:root:File: K and pkf - Darknessporn com.mp4; alraedy exists in db.
DEBUG:root:Validating file: My stepsister and stepmom love my big cock.mp4 in /home/max/Videos/.hidden
WARNING:root:File: My stepsister and stepmom love my big cock.mp4; alraedy exists in db.
DEBUG:root:Validating file: 18 best options p4pi 29 winter jade teenfidelity japanese.mp4 in /home/max/Videos/.hidden
WARNING:root:File: 18 best options p4pi 29 winter jade teenfidelity japanese.mp4; alraedy exists in db.
DEBUG:root:Validating file: Stepsister Wants To Use My Cock As Dildo.mp4 in /home/max/Videos/.hidden
WARNING:root:File: Stepsister Wants To Use My Cock As Dildo.mp4; alraedy exists in db.
DEBUG:root:Validating file: pink haired gang banged at cosplay convention - anybunny com.mp4 in /home/max/Videos/.hidden
WARNING:root:File: pink haired gang banged at cosplay convention - anybunny com.mp4; alraedy exists in db.
DEBUG:root:Validating file: Stepsister secretly fucking stepbro.mp4 in /home/max/Videos/.hidden
WARNING:root:File: Stepsister secretly fucking stepbro.mp4; alraedy exists in db.
DEBUG:root:Validating file: FreeUseGirls - Hot Stepsister & Best Friend Anytime Sex For Big Dick Step Brother.mp4 in /home/max/Videos/.hidden
WARNING:root:File: FreeUseGirls - Hot Stepsister & Best Friend Anytime Sex For Big Dick Step Brother.mp4; alraedy exists in db.
DEBUG:root:Validating file: Big fucks gamer step sister.mp4 in /home/max/Videos/.hidden
WARNING:root:File: Big fucks gamer step sister.mp4; alraedy exists in db.
DEBUG:root:Validating file: Horny huge natural tits mature fucking her y. lover.mp4 in /home/max/Videos/.hidden
WARNING:root:File: Horny huge natural tits mature fucking her y. lover.mp4; alraedy exists in db.
DEBUG:root:Validating file: First time trying anal - went hardcore at the end.mp4 in /home/max/Videos/.hidden
WARNING:root:File: First time trying anal - went hardcore at the end.mp4; alraedy exists in db.
DEBUG:root:Validating file: She pulled over the car lowered her panties and FUCKED right the .mp4 in /home/max/Videos/.hidden
WARNING:root:File: She pulled over the car lowered her panties and FUCKED right the .mp4; alraedy exists in db.
DEBUG:root:Validating file: Gianna michaels super naturals 3.mp4 in /home/max/Videos/.hidden
WARNING:root:File: Gianna michaels super naturals 3.mp4; alraedy exists in db.
DEBUG:root:Validating file: Let_s be quiet___ Our stepfather can_t realize _ he_s secretly putting it all in me _2.mp4 in /home/max/Videos/.hidden
WARNING:root:File: Let_s be quiet___ Our stepfather can_t realize _ he_s secretly putting it all in me _2.mp4; alraedy exists in db.
DEBUG:root:Validating file: Pink Ribbon comma Kay comma Pkf - Darknessporn com.mp4 in /home/max/Videos/.hidden
WARNING:root:File: Pink Ribbon comma Kay comma Pkf - Darknessporn com.mp4; alraedy exists in db.
DEBUG:root:Validating file: The hots for teacher.mp4 in /home/max/Videos/.hidden
WARNING:root:File: The hots for teacher.mp4; alraedy exists in db.
DEBUG:root:Validating file: Watch abella danger border patrol - Abella Danger Border Patrol .mp4 in /home/max/Videos/.hidden
WARNING:root:File: Watch abella danger border patrol - Abella Danger Border Patrol .mp4; alraedy exists in db.
DEBUG:root:Validating file: TEENFIDELITY - LAYLA LONDON.mp4 in /home/max/Videos/.hidden
WARNING:root:File: TEENFIDELITY - LAYLA LONDON.mp4; alraedy exists in db.
DEBUG:root:Validating file: She Reserved Her Own Residence Invasion - Darknessporn com.mp4 in /home/max/Videos/.hidden
WARNING:root:File: She Reserved Her Own Residence Invasion - Darknessporn com.mp4; alraedy exists in db.
DEBUG:root:Validating file: DungeonCorp Sabrina Banks Introducing His Demons 3.mp4 in /home/max/Videos/.hidden
WARNING:root:File: DungeonCorp Sabrina Banks Introducing His Demons 3.mp4; alraedy exists in db.
DEBUG:root:Finding videos in /home/max/Videos/.hidden...
DEBUG:root:Validating file: step Daddy Makes Have Sex.mp4 in /home/max/Videos/.hidden
WARNING:root:File: step Daddy Makes Have Sex.mp4; alraedy exists in db.
DEBUG:root:Validating file: Dorcel Club Mina Sauvage condom ass fucking.mp4 in /home/max/Videos/.hidden
WARNING:root:File: Dorcel Club Mina Sauvage condom ass fucking.mp4; alraedy exists in db.
DEBUG:root:Validating file: Fitness Trainer Fucked A Skinny Russian Beauty.mp4 in /home/max/Videos/.hidden
WARNING:root:File: Fitness Trainer Fucked A Skinny Russian Beauty.mp4; alraedy exists in db.
DEBUG:root:Validating file: Danni Rivers & Zoe Bloom donate their Vagina Juice on Stepbro's Sunburned cock.mp4 in /home/max/Videos/.hidden
WARNING:root:File: Danni Rivers & Zoe Bloom donate their Vagina Juice on Stepbro's Sunburned cock.mp4; alraedy exists in db.
DEBUG:root:Validating file: Devon Green - (TeenFidelity).mp4 in /home/max/Videos/.hidden
WARNING:root:File: Devon Green - (TeenFidelity).mp4; alraedy exists in db.
DEBUG:root:Validating file: FamilyStrokes - Busty StepSis Sneaks In Her StepBro's Room For A Quickie.mp4 in /home/max/Videos/.hidden
WARNING:root:File: FamilyStrokes - Busty StepSis Sneaks In Her StepBro's Room For A Quickie.mp4; alraedy exists in db.
DEBUG:root:Validating file: Drunk-girls-are-easy-to-fuck - Punishworld com.mp4 in /home/max/Videos/.hidden
WARNING:root:File: Drunk-girls-are-easy-to-fuck - Punishworld com.mp4; alraedy exists in db.
DEBUG:root:Validating file: Curious Muslim Nadia Ali Gets Filled With Jizz By The Neighbours.mp4 in /home/max/Videos/.hidden
WARNING:root:File: Curious Muslim Nadia Ali Gets Filled With Jizz By The Neighbours.mp4; alraedy exists in db.
DEBUG:root:Validating file: I love watching Netflix with my stepdad_ can I lie on your lap_.mp4 in /home/max/Videos/.hidden
WARNING:root:File: I love watching Netflix with my stepdad_ can I lie on your lap_.mp4; alraedy exists in db.
DEBUG:root:Validating file: Pornstars Big Tits - Gianna Michaels (Gianna Michaels).mp4 in /home/max/Videos/.hidden
WARNING:root:File: Pornstars Big Tits - Gianna Michaels (Gianna Michaels).mp4; alraedy exists in db.
DEBUG:root:Validating file: K and pkf - Darknessporn com.mp4 in /home/max/Videos/.hidden
WARNING:root:File: K and pkf - Darknessporn com.mp4; alraedy exists in db.
DEBUG:root:Validating file: My stepsister and stepmom love my big cock.mp4 in /home/max/Videos/.hidden
WARNING:root:File: My stepsister and stepmom love my big cock.mp4; alraedy exists in db.
DEBUG:root:Validating file: 18 best options p4pi 29 winter jade teenfidelity japanese.mp4 in /home/max/Videos/.hidden
WARNING:root:File: 18 best options p4pi 29 winter jade teenfidelity japanese.mp4; alraedy exists in db.
DEBUG:root:Validating file: Stepsister Wants To Use My Cock As Dildo.mp4 in /home/max/Videos/.hidden
WARNING:root:File: Stepsister Wants To Use My Cock As Dildo.mp4; alraedy exists in db.
DEBUG:root:Validating file: pink haired gang banged at cosplay convention - anybunny com.mp4 in /home/max/Videos/.hidden
WARNING:root:File: pink haired gang banged at cosplay convention - anybunny com.mp4; alraedy exists in db.
DEBUG:root:Validating file: Stepsister secretly fucking stepbro.mp4 in /home/max/Videos/.hidden
WARNING:root:File: Stepsister secretly fucking stepbro.mp4; alraedy exists in db.
DEBUG:root:Validating file: FreeUseGirls - Hot Stepsister & Best Friend Anytime Sex For Big Dick Step Brother.mp4 in /home/max/Videos/.hidden
WARNING:root:File: FreeUseGirls - Hot Stepsister & Best Friend Anytime Sex For Big Dick Step Brother.mp4; alraedy exists in db.
DEBUG:root:Validating file: Big fucks gamer step sister.mp4 in /home/max/Videos/.hidden
WARNING:root:File: Big fucks gamer step sister.mp4; alraedy exists in db.
DEBUG:root:Validating file: Horny huge natural tits mature fucking her y. lover.mp4 in /home/max/Videos/.hidden
WARNING:root:File: Horny huge natural tits mature fucking her y. lover.mp4; alraedy exists in db.
DEBUG:root:Validating file: First time trying anal - went hardcore at the end.mp4 in /home/max/Videos/.hidden
WARNING:root:File: First time trying anal - went hardcore at the end.mp4; alraedy exists in db.
DEBUG:root:Validating file: She pulled over the car lowered her panties and FUCKED right the .mp4 in /home/max/Videos/.hidden
WARNING:root:File: She pulled over the car lowered her panties and FUCKED right the .mp4; alraedy exists in db.
DEBUG:root:Validating file: Gianna michaels super naturals 3.mp4 in /home/max/Videos/.hidden
WARNING:root:File: Gianna michaels super naturals 3.mp4; alraedy exists in db.
DEBUG:root:Validating file: Let_s be quiet___ Our stepfather can_t realize _ he_s secretly putting it all in me _2.mp4 in /home/max/Videos/.hidden
WARNING:root:File: Let_s be quiet___ Our stepfather can_t realize _ he_s secretly putting it all in me _2.mp4; alraedy exists in db.
DEBUG:root:Validating file: Pink Ribbon comma Kay comma Pkf - Darknessporn com.mp4 in /home/max/Videos/.hidden
WARNING:root:File: Pink Ribbon comma Kay comma Pkf - Darknessporn com.mp4; alraedy exists in db.
DEBUG:root:Validating file: The hots for teacher.mp4 in /home/max/Videos/.hidden
WARNING:root:File: The hots for teacher.mp4; alraedy exists in db.
DEBUG:root:Validating file: Watch abella danger border patrol - Abella Danger Border Patrol .mp4 in /home/max/Videos/.hidden
WARNING:root:File: Watch abella danger border patrol - Abella Danger Border Patrol .mp4; alraedy exists in db.
DEBUG:root:Validating file: TEENFIDELITY - LAYLA LONDON.mp4 in /home/max/Videos/.hidden
WARNING:root:File: TEENFIDELITY - LAYLA LONDON.mp4; alraedy exists in db.
DEBUG:root:Validating file: She Reserved Her Own Residence Invasion - Darknessporn com.mp4 in /home/max/Videos/.hidden
WARNING:root:File: She Reserved Her Own Residence Invasion - Darknessporn com.mp4; alraedy exists in db.
DEBUG:root:Validating file: DungeonCorp Sabrina Banks Introducing His Demons 3.mp4 in /home/max/Videos/.hidden
WARNING:root:File: DungeonCorp Sabrina Banks Introducing His Demons 3.mp4; alraedy exists in db.
DEBUG:root:Finding videos in /home/max/Videos/.hidden...
DEBUG:root:Validating file: step Daddy Makes Have Sex.mp4 in /home/max/Videos/.hidden
WARNING:root:File: step Daddy Makes Have Sex.mp4; alraedy exists in db.
DEBUG:root:Validating file: Dorcel Club Mina Sauvage condom ass fucking.mp4 in /home/max/Videos/.hidden
WARNING:root:File: Dorcel Club Mina Sauvage condom ass fucking.mp4; alraedy exists in db.
DEBUG:root:Validating file: Fitness Trainer Fucked A Skinny Russian Beauty.mp4 in /home/max/Videos/.hidden
WARNING:root:File: Fitness Trainer Fucked A Skinny Russian Beauty.mp4; alraedy exists in db.
DEBUG:root:Validating file: Danni Rivers & Zoe Bloom donate their Vagina Juice on Stepbro's Sunburned cock.mp4 in /home/max/Videos/.hidden
WARNING:root:File: Danni Rivers & Zoe Bloom donate their Vagina Juice on Stepbro's Sunburned cock.mp4; alraedy exists in db.
DEBUG:root:Validating file: Devon Green - (TeenFidelity).mp4 in /home/max/Videos/.hidden
WARNING:root:File: Devon Green - (TeenFidelity).mp4; alraedy exists in db.
DEBUG:root:Validating file: FamilyStrokes - Busty StepSis Sneaks In Her StepBro's Room For A Quickie.mp4 in /home/max/Videos/.hidden
WARNING:root:File: FamilyStrokes - Busty StepSis Sneaks In Her StepBro's Room For A Quickie.mp4; alraedy exists in db.
DEBUG:root:Validating file: Drunk-girls-are-easy-to-fuck - Punishworld com.mp4 in /home/max/Videos/.hidden
WARNING:root:File: Drunk-girls-are-easy-to-fuck - Punishworld com.mp4; alraedy exists in db.
DEBUG:root:Validating file: Curious Muslim Nadia Ali Gets Filled With Jizz By The Neighbours.mp4 in /home/max/Videos/.hidden
WARNING:root:File: Curious Muslim Nadia Ali Gets Filled With Jizz By The Neighbours.mp4; alraedy exists in db.
DEBUG:root:Validating file: I love watching Netflix with my stepdad_ can I lie on your lap_.mp4 in /home/max/Videos/.hidden
WARNING:root:File: I love watching Netflix with my stepdad_ can I lie on your lap_.mp4; alraedy exists in db.
DEBUG:root:Validating file: Pornstars Big Tits - Gianna Michaels (Gianna Michaels).mp4 in /home/max/Videos/.hidden
WARNING:root:File: Pornstars Big Tits - Gianna Michaels (Gianna Michaels).mp4; alraedy exists in db.
DEBUG:root:Validating file: K and pkf - Darknessporn com.mp4 in /home/max/Videos/.hidden
WARNING:root:File: K and pkf - Darknessporn com.mp4; alraedy exists in db.
DEBUG:root:Validating file: My stepsister and stepmom love my big cock.mp4 in /home/max/Videos/.hidden
WARNING:root:File: My stepsister and stepmom love my big cock.mp4; alraedy exists in db.
DEBUG:root:Validating file: 18 best options p4pi 29 winter jade teenfidelity japanese.mp4 in /home/max/Videos/.hidden
WARNING:root:File: 18 best options p4pi 29 winter jade teenfidelity japanese.mp4; alraedy exists in db.
DEBUG:root:Validating file: Stepsister Wants To Use My Cock As Dildo.mp4 in /home/max/Videos/.hidden
WARNING:root:File: Stepsister Wants To Use My Cock As Dildo.mp4; alraedy exists in db.
DEBUG:root:Validating file: pink haired gang banged at cosplay convention - anybunny com.mp4 in /home/max/Videos/.hidden
WARNING:root:File: pink haired gang banged at cosplay convention - anybunny com.mp4; alraedy exists in db.
DEBUG:root:Validating file: Stepsister secretly fucking stepbro.mp4 in /home/max/Videos/.hidden
WARNING:root:File: Stepsister secretly fucking stepbro.mp4; alraedy exists in db.
DEBUG:root:Validating file: FreeUseGirls - Hot Stepsister & Best Friend Anytime Sex For Big Dick Step Brother.mp4 in /home/max/Videos/.hidden
WARNING:root:File: FreeUseGirls - Hot Stepsister & Best Friend Anytime Sex For Big Dick Step Brother.mp4; alraedy exists in db.
DEBUG:root:Validating file: Big fucks gamer step sister.mp4 in /home/max/Videos/.hidden
WARNING:root:File: Big fucks gamer step sister.mp4; alraedy exists in db.
DEBUG:root:Validating file: Horny huge natural tits mature fucking her y. lover.mp4 in /home/max/Videos/.hidden
WARNING:root:File: Horny huge natural tits mature fucking her y. lover.mp4; alraedy exists in db.
DEBUG:root:Validating file: First time trying anal - went hardcore at the end.mp4 in /home/max/Videos/.hidden
WARNING:root:File: First time trying anal - went hardcore at the end.mp4; alraedy exists in db.
DEBUG:root:Validating file: She pulled over the car lowered her panties and FUCKED right the .mp4 in /home/max/Videos/.hidden
WARNING:root:File: She pulled over the car lowered her panties and FUCKED right the .mp4; alraedy exists in db.
DEBUG:root:Validating file: Gianna michaels super naturals 3.mp4 in /home/max/Videos/.hidden
WARNING:root:File: Gianna michaels super naturals 3.mp4; alraedy exists in db.
DEBUG:root:Validating file: Let_s be quiet___ Our stepfather can_t realize _ he_s secretly putting it all in me _2.mp4 in /home/max/Videos/.hidden
WARNING:root:File: Let_s be quiet___ Our stepfather can_t realize _ he_s secretly putting it all in me _2.mp4; alraedy exists in db.
DEBUG:root:Validating file: Pink Ribbon comma Kay comma Pkf - Darknessporn com.mp4 in /home/max/Videos/.hidden
WARNING:root:File: Pink Ribbon comma Kay comma Pkf - Darknessporn com.mp4; alraedy exists in db.
DEBUG:root:Validating file: The hots for teacher.mp4 in /home/max/Videos/.hidden
WARNING:root:File: The hots for teacher.mp4; alraedy exists in db.
DEBUG:root:Validating file: Watch abella danger border patrol - Abella Danger Border Patrol .mp4 in /home/max/Videos/.hidden
WARNING:root:File: Watch abella danger border patrol - Abella Danger Border Patrol .mp4; alraedy exists in db.
DEBUG:root:Validating file: TEENFIDELITY - LAYLA LONDON.mp4 in /home/max/Videos/.hidden
WARNING:root:File: TEENFIDELITY - LAYLA LONDON.mp4; alraedy exists in db.
DEBUG:root:Validating file: She Reserved Her Own Residence Invasion - Darknessporn com.mp4 in /home/max/Videos/.hidden
WARNING:root:File: She Reserved Her Own Residence Invasion - Darknessporn com.mp4; alraedy exists in db.
DEBUG:root:Validating file: DungeonCorp Sabrina Banks Introducing His Demons 3.mp4 in /home/max/Videos/.hidden
WARNING:root:File: DungeonCorp Sabrina Banks Introducing His Demons 3.mp4; alraedy exists in db.
DEBUG:root:Finding videos in /home/max/Videos/.hidden...
DEBUG:root:Validating file: step Daddy Makes Have Sex.mp4 in /home/max/Videos/.hidden
WARNING:root:File: step Daddy Makes Have Sex.mp4; alraedy exists in db.
DEBUG:root:Validating file: Dorcel Club Mina Sauvage condom ass fucking.mp4 in /home/max/Videos/.hidden
WARNING:root:File: Dorcel Club Mina Sauvage condom ass fucking.mp4; alraedy exists in db.
DEBUG:root:Validating file: Fitness Trainer Fucked A Skinny Russian Beauty.mp4 in /home/max/Videos/.hidden
WARNING:root:File: Fitness Trainer Fucked A Skinny Russian Beauty.mp4; alraedy exists in db.
DEBUG:root:Validating file: Danni Rivers & Zoe Bloom donate their Vagina Juice on Stepbro's Sunburned cock.mp4 in /home/max/Videos/.hidden
WARNING:root:File: Danni Rivers & Zoe Bloom donate their Vagina Juice on Stepbro's Sunburned cock.mp4; alraedy exists in db.
DEBUG:root:Validating file: Devon Green - (TeenFidelity).mp4 in /home/max/Videos/.hidden
WARNING:root:File: Devon Green - (TeenFidelity).mp4; alraedy exists in db.
DEBUG:root:Validating file: FamilyStrokes - Busty StepSis Sneaks In Her StepBro's Room For A Quickie.mp4 in /home/max/Videos/.hidden
WARNING:root:File: FamilyStrokes - Busty StepSis Sneaks In Her StepBro's Room For A Quickie.mp4; alraedy exists in db.
DEBUG:root:Validating file: Drunk-girls-are-easy-to-fuck - Punishworld com.mp4 in /home/max/Videos/.hidden
WARNING:root:File: Drunk-girls-are-easy-to-fuck - Punishworld com.mp4; alraedy exists in db.
DEBUG:root:Validating file: Curious Muslim Nadia Ali Gets Filled With Jizz By The Neighbours.mp4 in /home/max/Videos/.hidden
WARNING:root:File: Curious Muslim Nadia Ali Gets Filled With Jizz By The Neighbours.mp4; alraedy exists in db.
DEBUG:root:Validating file: I love watching Netflix with my stepdad_ can I lie on your lap_.mp4 in /home/max/Videos/.hidden
WARNING:root:File: I love watching Netflix with my stepdad_ can I lie on your lap_.mp4; alraedy exists in db.
DEBUG:root:Validating file: Pornstars Big Tits - Gianna Michaels (Gianna Michaels).mp4 in /home/max/Videos/.hidden
WARNING:root:File: Pornstars Big Tits - Gianna Michaels (Gianna Michaels).mp4; alraedy exists in db.
DEBUG:root:Validating file: K and pkf - Darknessporn com.mp4 in /home/max/Videos/.hidden
WARNING:root:File: K and pkf - Darknessporn com.mp4; alraedy exists in db.
DEBUG:root:Validating file: My stepsister and stepmom love my big cock.mp4 in /home/max/Videos/.hidden
WARNING:root:File: My stepsister and stepmom love my big cock.mp4; alraedy exists in db.
DEBUG:root:Validating file: 18 best options p4pi 29 winter jade teenfidelity japanese.mp4 in /home/max/Videos/.hidden
WARNING:root:File: 18 best options p4pi 29 winter jade teenfidelity japanese.mp4; alraedy exists in db.
DEBUG:root:Validating file: Stepsister Wants To Use My Cock As Dildo.mp4 in /home/max/Videos/.hidden
WARNING:root:File: Stepsister Wants To Use My Cock As Dildo.mp4; alraedy exists in db.
DEBUG:root:Validating file: pink haired gang banged at cosplay convention - anybunny com.mp4 in /home/max/Videos/.hidden
WARNING:root:File: pink haired gang banged at cosplay convention - anybunny com.mp4; alraedy exists in db.
DEBUG:root:Validating file: Stepsister secretly fucking stepbro.mp4 in /home/max/Videos/.hidden
WARNING:root:File: Stepsister secretly fucking stepbro.mp4; alraedy exists in db.
DEBUG:root:Validating file: FreeUseGirls - Hot Stepsister & Best Friend Anytime Sex For Big Dick Step Brother.mp4 in /home/max/Videos/.hidden
WARNING:root:File: FreeUseGirls - Hot Stepsister & Best Friend Anytime Sex For Big Dick Step Brother.mp4; alraedy exists in db.
DEBUG:root:Validating file: Big fucks gamer step sister.mp4 in /home/max/Videos/.hidden
WARNING:root:File: Big fucks gamer step sister.mp4; alraedy exists in db.
DEBUG:root:Validating file: Horny huge natural tits mature fucking her y. lover.mp4 in /home/max/Videos/.hidden
WARNING:root:File: Horny huge natural tits mature fucking her y. lover.mp4; alraedy exists in db.
DEBUG:root:Validating file: First time trying anal - went hardcore at the end.mp4 in /home/max/Videos/.hidden
WARNING:root:File: First time trying anal - went hardcore at the end.mp4; alraedy exists in db.
DEBUG:root:Validating file: She pulled over the car lowered her panties and FUCKED right the .mp4 in /home/max/Videos/.hidden
WARNING:root:File: She pulled over the car lowered her panties and FUCKED right the .mp4; alraedy exists in db.
DEBUG:root:Validating file: Gianna michaels super naturals 3.mp4 in /home/max/Videos/.hidden
WARNING:root:File: Gianna michaels super naturals 3.mp4; alraedy exists in db.
DEBUG:root:Validating file: Let_s be quiet___ Our stepfather can_t realize _ he_s secretly putting it all in me _2.mp4 in /home/max/Videos/.hidden
WARNING:root:File: Let_s be quiet___ Our stepfather can_t realize _ he_s secretly putting it all in me _2.mp4; alraedy exists in db.
DEBUG:root:Validating file: Pink Ribbon comma Kay comma Pkf - Darknessporn com.mp4 in /home/max/Videos/.hidden
WARNING:root:File: Pink Ribbon comma Kay comma Pkf - Darknessporn com.mp4; alraedy exists in db.
DEBUG:root:Validating file: The hots for teacher.mp4 in /home/max/Videos/.hidden
WARNING:root:File: The hots for teacher.mp4; alraedy exists in db.
DEBUG:root:Validating file: Watch abella danger border patrol - Abella Danger Border Patrol .mp4 in /home/max/Videos/.hidden
WARNING:root:File: Watch abella danger border patrol - Abella Danger Border Patrol .mp4; alraedy exists in db.
DEBUG:root:Validating file: TEENFIDELITY - LAYLA LONDON.mp4 in /home/max/Videos/.hidden
WARNING:root:File: TEENFIDELITY - LAYLA LONDON.mp4; alraedy exists in db.
DEBUG:root:Validating file: She Reserved Her Own Residence Invasion - Darknessporn com.mp4 in /home/max/Videos/.hidden
WARNING:root:File: She Reserved Her Own Residence Invasion - Darknessporn com.mp4; alraedy exists in db.
DEBUG:root:Validating file: DungeonCorp Sabrina Banks Introducing His Demons 3.mp4 in /home/max/Videos/.hidden
WARNING:root:File: DungeonCorp Sabrina Banks Introducing His Demons 3.mp4; alraedy exists in db.
DEBUG:root:Finding videos in /home/max/Videos/.hidden...
DEBUG:root:Validating file: step Daddy Makes Have Sex.mp4 in /home/max/Videos/.hidden
WARNING:root:File: step Daddy Makes Have Sex.mp4; alraedy exists in db.
DEBUG:root:Validating file: Dorcel Club Mina Sauvage condom ass fucking.mp4 in /home/max/Videos/.hidden
WARNING:root:File: Dorcel Club Mina Sauvage condom ass fucking.mp4; alraedy exists in db.
DEBUG:root:Validating file: Fitness Trainer Fucked A Skinny Russian Beauty.mp4 in /home/max/Videos/.hidden
WARNING:root:File: Fitness Trainer Fucked A Skinny Russian Beauty.mp4; alraedy exists in db.
DEBUG:root:Validating file: Danni Rivers & Zoe Bloom donate their Vagina Juice on Stepbro's Sunburned cock.mp4 in /home/max/Videos/.hidden
WARNING:root:File: Danni Rivers & Zoe Bloom donate their Vagina Juice on Stepbro's Sunburned cock.mp4; alraedy exists in db.
DEBUG:root:Validating file: Devon Green - (TeenFidelity).mp4 in /home/max/Videos/.hidden
WARNING:root:File: Devon Green - (TeenFidelity).mp4; alraedy exists in db.
DEBUG:root:Validating file: FamilyStrokes - Busty StepSis Sneaks In Her StepBro's Room For A Quickie.mp4 in /home/max/Videos/.hidden
WARNING:root:File: FamilyStrokes - Busty StepSis Sneaks In Her StepBro's Room For A Quickie.mp4; alraedy exists in db.
DEBUG:root:Validating file: Drunk-girls-are-easy-to-fuck - Punishworld com.mp4 in /home/max/Videos/.hidden
WARNING:root:File: Drunk-girls-are-easy-to-fuck - Punishworld com.mp4; alraedy exists in db.
DEBUG:root:Validating file: Curious Muslim Nadia Ali Gets Filled With Jizz By The Neighbours.mp4 in /home/max/Videos/.hidden
WARNING:root:File: Curious Muslim Nadia Ali Gets Filled With Jizz By The Neighbours.mp4; alraedy exists in db.
DEBUG:root:Validating file: I love watching Netflix with my stepdad_ can I lie on your lap_.mp4 in /home/max/Videos/.hidden
WARNING:root:File: I love watching Netflix with my stepdad_ can I lie on your lap_.mp4; alraedy exists in db.
DEBUG:root:Validating file: Pornstars Big Tits - Gianna Michaels (Gianna Michaels).mp4 in /home/max/Videos/.hidden
WARNING:root:File: Pornstars Big Tits - Gianna Michaels (Gianna Michaels).mp4; alraedy exists in db.
DEBUG:root:Validating file: K and pkf - Darknessporn com.mp4 in /home/max/Videos/.hidden
WARNING:root:File: K and pkf - Darknessporn com.mp4; alraedy exists in db.
DEBUG:root:Validating file: My stepsister and stepmom love my big cock.mp4 in /home/max/Videos/.hidden
WARNING:root:File: My stepsister and stepmom love my big cock.mp4; alraedy exists in db.
DEBUG:root:Validating file: 18 best options p4pi 29 winter jade teenfidelity japanese.mp4 in /home/max/Videos/.hidden
WARNING:root:File: 18 best options p4pi 29 winter jade teenfidelity japanese.mp4; alraedy exists in db.
DEBUG:root:Validating file: Stepsister Wants To Use My Cock As Dildo.mp4 in /home/max/Videos/.hidden
WARNING:root:File: Stepsister Wants To Use My Cock As Dildo.mp4; alraedy exists in db.
DEBUG:root:Validating file: pink haired gang banged at cosplay convention - anybunny com.mp4 in /home/max/Videos/.hidden
WARNING:root:File: pink haired gang banged at cosplay convention - anybunny com.mp4; alraedy exists in db.
DEBUG:root:Validating file: Stepsister secretly fucking stepbro.mp4 in /home/max/Videos/.hidden
WARNING:root:File: Stepsister secretly fucking stepbro.mp4; alraedy exists in db.
DEBUG:root:Validating file: FreeUseGirls - Hot Stepsister & Best Friend Anytime Sex For Big Dick Step Brother.mp4 in /home/max/Videos/.hidden
WARNING:root:File: FreeUseGirls - Hot Stepsister & Best Friend Anytime Sex For Big Dick Step Brother.mp4; alraedy exists in db.
DEBUG:root:Validating file: Big fucks gamer step sister.mp4 in /home/max/Videos/.hidden
WARNING:root:File: Big fucks gamer step sister.mp4; alraedy exists in db.
DEBUG:root:Validating file: Horny huge natural tits mature fucking her y. lover.mp4 in /home/max/Videos/.hidden
WARNING:root:File: Horny huge natural tits mature fucking her y. lover.mp4; alraedy exists in db.
DEBUG:root:Validating file: First time trying anal - went hardcore at the end.mp4 in /home/max/Videos/.hidden
WARNING:root:File: First time trying anal - went hardcore at the end.mp4; alraedy exists in db.
DEBUG:root:Validating file: She pulled over the car lowered her panties and FUCKED right the .mp4 in /home/max/Videos/.hidden
WARNING:root:File: She pulled over the car lowered her panties and FUCKED right the .mp4; alraedy exists in db.
DEBUG:root:Validating file: Gianna michaels super naturals 3.mp4 in /home/max/Videos/.hidden
WARNING:root:File: Gianna michaels super naturals 3.mp4; alraedy exists in db.
DEBUG:root:Validating file: Let_s be quiet___ Our stepfather can_t realize _ he_s secretly putting it all in me _2.mp4 in /home/max/Videos/.hidden
WARNING:root:File: Let_s be quiet___ Our stepfather can_t realize _ he_s secretly putting it all in me _2.mp4; alraedy exists in db.
DEBUG:root:Validating file: Pink Ribbon comma Kay comma Pkf - Darknessporn com.mp4 in /home/max/Videos/.hidden
WARNING:root:File: Pink Ribbon comma Kay comma Pkf - Darknessporn com.mp4; alraedy exists in db.
DEBUG:root:Validating file: The hots for teacher.mp4 in /home/max/Videos/.hidden
WARNING:root:File: The hots for teacher.mp4; alraedy exists in db.
DEBUG:root:Validating file: Watch abella danger border patrol - Abella Danger Border Patrol .mp4 in /home/max/Videos/.hidden
WARNING:root:File: Watch abella danger border patrol - Abella Danger Border Patrol .mp4; alraedy exists in db.
DEBUG:root:Validating file: TEENFIDELITY - LAYLA LONDON.mp4 in /home/max/Videos/.hidden
WARNING:root:File: TEENFIDELITY - LAYLA LONDON.mp4; alraedy exists in db.
DEBUG:root:Validating file: She Reserved Her Own Residence Invasion - Darknessporn com.mp4 in /home/max/Videos/.hidden
WARNING:root:File: She Reserved Her Own Residence Invasion - Darknessporn com.mp4; alraedy exists in db.
DEBUG:root:Validating file: DungeonCorp Sabrina Banks Introducing His Demons 3.mp4 in /home/max/Videos/.hidden
WARNING:root:File: DungeonCorp Sabrina Banks Introducing His Demons 3.mp4; alraedy exists in db.
DEBUG:root:Finding videos in /home/max/Videos/.hidden...
DEBUG:root:Validating file: step Daddy Makes Have Sex.mp4 in /home/max/Videos/.hidden
WARNING:root:File: step Daddy Makes Have Sex.mp4; alraedy exists in db.
DEBUG:root:Validating file: Dorcel Club Mina Sauvage condom ass fucking.mp4 in /home/max/Videos/.hidden
WARNING:root:File: Dorcel Club Mina Sauvage condom ass fucking.mp4; alraedy exists in db.
DEBUG:root:Validating file: Fitness Trainer Fucked A Skinny Russian Beauty.mp4 in /home/max/Videos/.hidden
WARNING:root:File: Fitness Trainer Fucked A Skinny Russian Beauty.mp4; alraedy exists in db.
DEBUG:root:Validating file: Danni Rivers & Zoe Bloom donate their Vagina Juice on Stepbro's Sunburned cock.mp4 in /home/max/Videos/.hidden
WARNING:root:File: Danni Rivers & Zoe Bloom donate their Vagina Juice on Stepbro's Sunburned cock.mp4; alraedy exists in db.
DEBUG:root:Validating file: Devon Green - (TeenFidelity).mp4 in /home/max/Videos/.hidden
WARNING:root:File: Devon Green - (TeenFidelity).mp4; alraedy exists in db.
DEBUG:root:Validating file: FamilyStrokes - Busty StepSis Sneaks In Her StepBro's Room For A Quickie.mp4 in /home/max/Videos/.hidden
WARNING:root:File: FamilyStrokes - Busty StepSis Sneaks In Her StepBro's Room For A Quickie.mp4; alraedy exists in db.
DEBUG:root:Validating file: Drunk-girls-are-easy-to-fuck - Punishworld com.mp4 in /home/max/Videos/.hidden
WARNING:root:File: Drunk-girls-are-easy-to-fuck - Punishworld com.mp4; alraedy exists in db.
DEBUG:root:Validating file: Curious Muslim Nadia Ali Gets Filled With Jizz By The Neighbours.mp4 in /home/max/Videos/.hidden
WARNING:root:File: Curious Muslim Nadia Ali Gets Filled With Jizz By The Neighbours.mp4; alraedy exists in db.
DEBUG:root:Validating file: I love watching Netflix with my stepdad_ can I lie on your lap_.mp4 in /home/max/Videos/.hidden
WARNING:root:File: I love watching Netflix with my stepdad_ can I lie on your lap_.mp4; alraedy exists in db.
DEBUG:root:Validating file: Pornstars Big Tits - Gianna Michaels (Gianna Michaels).mp4 in /home/max/Videos/.hidden
WARNING:root:File: Pornstars Big Tits - Gianna Michaels (Gianna Michaels).mp4; alraedy exists in db.
DEBUG:root:Validating file: K and pkf - Darknessporn com.mp4 in /home/max/Videos/.hidden
WARNING:root:File: K and pkf - Darknessporn com.mp4; alraedy exists in db.
DEBUG:root:Validating file: My stepsister and stepmom love my big cock.mp4 in /home/max/Videos/.hidden
WARNING:root:File: My stepsister and stepmom love my big cock.mp4; alraedy exists in db.
DEBUG:root:Validating file: 18 best options p4pi 29 winter jade teenfidelity japanese.mp4 in /home/max/Videos/.hidden
WARNING:root:File: 18 best options p4pi 29 winter jade teenfidelity japanese.mp4; alraedy exists in db.
DEBUG:root:Validating file: Stepsister Wants To Use My Cock As Dildo.mp4 in /home/max/Videos/.hidden
WARNING:root:File: Stepsister Wants To Use My Cock As Dildo.mp4; alraedy exists in db.
DEBUG:root:Validating file: pink haired gang banged at cosplay convention - anybunny com.mp4 in /home/max/Videos/.hidden
WARNING:root:File: pink haired gang banged at cosplay convention - anybunny com.mp4; alraedy exists in db.
DEBUG:root:Validating file: Stepsister secretly fucking stepbro.mp4 in /home/max/Videos/.hidden
WARNING:root:File: Stepsister secretly fucking stepbro.mp4; alraedy exists in db.
DEBUG:root:Validating file: FreeUseGirls - Hot Stepsister & Best Friend Anytime Sex For Big Dick Step Brother.mp4 in /home/max/Videos/.hidden
WARNING:root:File: FreeUseGirls - Hot Stepsister & Best Friend Anytime Sex For Big Dick Step Brother.mp4; alraedy exists in db.
DEBUG:root:Validating file: Big fucks gamer step sister.mp4 in /home/max/Videos/.hidden
WARNING:root:File: Big fucks gamer step sister.mp4; alraedy exists in db.
DEBUG:root:Validating file: Horny huge natural tits mature fucking her y. lover.mp4 in /home/max/Videos/.hidden
WARNING:root:File: Horny huge natural tits mature fucking her y. lover.mp4; alraedy exists in db.
DEBUG:root:Validating file: First time trying anal - went hardcore at the end.mp4 in /home/max/Videos/.hidden
WARNING:root:File: First time trying anal - went hardcore at the end.mp4; alraedy exists in db.
DEBUG:root:Validating file: She pulled over the car lowered her panties and FUCKED right the .mp4 in /home/max/Videos/.hidden
WARNING:root:File: She pulled over the car lowered her panties and FUCKED right the .mp4; alraedy exists in db.
DEBUG:root:Validating file: Gianna michaels super naturals 3.mp4 in /home/max/Videos/.hidden
WARNING:root:File: Gianna michaels super naturals 3.mp4; alraedy exists in db.
DEBUG:root:Validating file: Let_s be quiet___ Our stepfather can_t realize _ he_s secretly putting it all in me _2.mp4 in /home/max/Videos/.hidden
WARNING:root:File: Let_s be quiet___ Our stepfather can_t realize _ he_s secretly putting it all in me _2.mp4; alraedy exists in db.
DEBUG:root:Validating file: Pink Ribbon comma Kay comma Pkf - Darknessporn com.mp4 in /home/max/Videos/.hidden
WARNING:root:File: Pink Ribbon comma Kay comma Pkf - Darknessporn com.mp4; alraedy exists in db.
DEBUG:root:Validating file: The hots for teacher.mp4 in /home/max/Videos/.hidden
WARNING:root:File: The hots for teacher.mp4; alraedy exists in db.
DEBUG:root:Validating file: Watch abella danger border patrol - Abella Danger Border Patrol .mp4 in /home/max/Videos/.hidden
WARNING:root:File: Watch abella danger border patrol - Abella Danger Border Patrol .mp4; alraedy exists in db.
DEBUG:root:Validating file: TEENFIDELITY - LAYLA LONDON.mp4 in /home/max/Videos/.hidden
WARNING:root:File: TEENFIDELITY - LAYLA LONDON.mp4; alraedy exists in db.
DEBUG:root:Validating file: She Reserved Her Own Residence Invasion - Darknessporn com.mp4 in /home/max/Videos/.hidden
WARNING:root:File: She Reserved Her Own Residence Invasion - Darknessporn com.mp4; alraedy exists in db.
DEBUG:root:Validating file: DungeonCorp Sabrina Banks Introducing His Demons 3.mp4 in /home/max/Videos/.hidden
WARNING:root:File: DungeonCorp Sabrina Banks Introducing His Demons 3.mp4; alraedy exists in db.
DEBUG:root:Finding videos in /home/max/Videos/.hidden...
DEBUG:root:Validating file: step Daddy Makes Have Sex.mp4 in /home/max/Videos/.hidden
WARNING:root:File: step Daddy Makes Have Sex.mp4; alraedy exists in db.
DEBUG:root:Validating file: Dorcel Club Mina Sauvage condom ass fucking.mp4 in /home/max/Videos/.hidden
WARNING:root:File: Dorcel Club Mina Sauvage condom ass fucking.mp4; alraedy exists in db.
DEBUG:root:Validating file: Fitness Trainer Fucked A Skinny Russian Beauty.mp4 in /home/max/Videos/.hidden
WARNING:root:File: Fitness Trainer Fucked A Skinny Russian Beauty.mp4; alraedy exists in db.
DEBUG:root:Validating file: Danni Rivers & Zoe Bloom donate their Vagina Juice on Stepbro's Sunburned cock.mp4 in /home/max/Videos/.hidden
WARNING:root:File: Danni Rivers & Zoe Bloom donate their Vagina Juice on Stepbro's Sunburned cock.mp4; alraedy exists in db.
DEBUG:root:Validating file: Devon Green - (TeenFidelity).mp4 in /home/max/Videos/.hidden
WARNING:root:File: Devon Green - (TeenFidelity).mp4; alraedy exists in db.
DEBUG:root:Validating file: FamilyStrokes - Busty StepSis Sneaks In Her StepBro's Room For A Quickie.mp4 in /home/max/Videos/.hidden
WARNING:root:File: FamilyStrokes - Busty StepSis Sneaks In Her StepBro's Room For A Quickie.mp4; alraedy exists in db.
DEBUG:root:Validating file: Drunk-girls-are-easy-to-fuck - Punishworld com.mp4 in /home/max/Videos/.hidden
WARNING:root:File: Drunk-girls-are-easy-to-fuck - Punishworld com.mp4; alraedy exists in db.
DEBUG:root:Validating file: Curious Muslim Nadia Ali Gets Filled With Jizz By The Neighbours.mp4 in /home/max/Videos/.hidden
WARNING:root:File: Curious Muslim Nadia Ali Gets Filled With Jizz By The Neighbours.mp4; alraedy exists in db.
DEBUG:root:Validating file: I love watching Netflix with my stepdad_ can I lie on your lap_.mp4 in /home/max/Videos/.hidden
WARNING:root:File: I love watching Netflix with my stepdad_ can I lie on your lap_.mp4; alraedy exists in db.
DEBUG:root:Validating file: Pornstars Big Tits - Gianna Michaels (Gianna Michaels).mp4 in /home/max/Videos/.hidden
WARNING:root:File: Pornstars Big Tits - Gianna Michaels (Gianna Michaels).mp4; alraedy exists in db.
DEBUG:root:Validating file: K and pkf - Darknessporn com.mp4 in /home/max/Videos/.hidden
WARNING:root:File: K and pkf - Darknessporn com.mp4; alraedy exists in db.
DEBUG:root:Validating file: My stepsister and stepmom love my big cock.mp4 in /home/max/Videos/.hidden
WARNING:root:File: My stepsister and stepmom love my big cock.mp4; alraedy exists in db.
DEBUG:root:Validating file: 18 best options p4pi 29 winter jade teenfidelity japanese.mp4 in /home/max/Videos/.hidden
WARNING:root:File: 18 best options p4pi 29 winter jade teenfidelity japanese.mp4; alraedy exists in db.
DEBUG:root:Validating file: Stepsister Wants To Use My Cock As Dildo.mp4 in /home/max/Videos/.hidden
WARNING:root:File: Stepsister Wants To Use My Cock As Dildo.mp4; alraedy exists in db.
DEBUG:root:Validating file: pink haired gang banged at cosplay convention - anybunny com.mp4 in /home/max/Videos/.hidden
WARNING:root:File: pink haired gang banged at cosplay convention - anybunny com.mp4; alraedy exists in db.
DEBUG:root:Validating file: Stepsister secretly fucking stepbro.mp4 in /home/max/Videos/.hidden
WARNING:root:File: Stepsister secretly fucking stepbro.mp4; alraedy exists in db.
DEBUG:root:Validating file: FreeUseGirls - Hot Stepsister & Best Friend Anytime Sex For Big Dick Step Brother.mp4 in /home/max/Videos/.hidden
WARNING:root:File: FreeUseGirls - Hot Stepsister & Best Friend Anytime Sex For Big Dick Step Brother.mp4; alraedy exists in db.
DEBUG:root:Validating file: Big fucks gamer step sister.mp4 in /home/max/Videos/.hidden
WARNING:root:File: Big fucks gamer step sister.mp4; alraedy exists in db.
DEBUG:root:Validating file: Horny huge natural tits mature fucking her y. lover.mp4 in /home/max/Videos/.hidden
WARNING:root:File: Horny huge natural tits mature fucking her y. lover.mp4; alraedy exists in db.
DEBUG:root:Validating file: First time trying anal - went hardcore at the end.mp4 in /home/max/Videos/.hidden
WARNING:root:File: First time trying anal - went hardcore at the end.mp4; alraedy exists in db.
DEBUG:root:Validating file: She pulled over the car lowered her panties and FUCKED right the .mp4 in /home/max/Videos/.hidden
WARNING:root:File: She pulled over the car lowered her panties and FUCKED right the .mp4; alraedy exists in db.
DEBUG:root:Validating file: Gianna michaels super naturals 3.mp4 in /home/max/Videos/.hidden
WARNING:root:File: Gianna michaels super naturals 3.mp4; alraedy exists in db.
DEBUG:root:Validating file: Let_s be quiet___ Our stepfather can_t realize _ he_s secretly putting it all in me _2.mp4 in /home/max/Videos/.hidden
WARNING:root:File: Let_s be quiet___ Our stepfather can_t realize _ he_s secretly putting it all in me _2.mp4; alraedy exists in db.
DEBUG:root:Validating file: Pink Ribbon comma Kay comma Pkf - Darknessporn com.mp4 in /home/max/Videos/.hidden
WARNING:root:File: Pink Ribbon comma Kay comma Pkf - Darknessporn com.mp4; alraedy exists in db.
DEBUG:root:Validating file: The hots for teacher.mp4 in /home/max/Videos/.hidden
WARNING:root:File: The hots for teacher.mp4; alraedy exists in db.
DEBUG:root:Validating file: Watch abella danger border patrol - Abella Danger Border Patrol .mp4 in /home/max/Videos/.hidden
WARNING:root:File: Watch abella danger border patrol - Abella Danger Border Patrol .mp4; alraedy exists in db.
DEBUG:root:Validating file: TEENFIDELITY - LAYLA LONDON.mp4 in /home/max/Videos/.hidden
WARNING:root:File: TEENFIDELITY - LAYLA LONDON.mp4; alraedy exists in db.
DEBUG:root:Validating file: She Reserved Her Own Residence Invasion - Darknessporn com.mp4 in /home/max/Videos/.hidden
WARNING:root:File: She Reserved Her Own Residence Invasion - Darknessporn com.mp4; alraedy exists in db.
DEBUG:root:Validating file: DungeonCorp Sabrina Banks Introducing His Demons 3.mp4 in /home/max/Videos/.hidden
WARNING:root:File: DungeonCorp Sabrina Banks Introducing His Demons 3.mp4; alraedy exists in db.
DEBUG:root:Finding videos in /home/max/Videos/.hidden...
DEBUG:root:Validating file: step Daddy Makes Have Sex.mp4 in /home/max/Videos/.hidden
WARNING:root:File: step Daddy Makes Have Sex.mp4; alraedy exists in db.
DEBUG:root:Validating file: Dorcel Club Mina Sauvage condom ass fucking.mp4 in /home/max/Videos/.hidden
WARNING:root:File: Dorcel Club Mina Sauvage condom ass fucking.mp4; alraedy exists in db.
DEBUG:root:Validating file: Fitness Trainer Fucked A Skinny Russian Beauty.mp4 in /home/max/Videos/.hidden
WARNING:root:File: Fitness Trainer Fucked A Skinny Russian Beauty.mp4; alraedy exists in db.
DEBUG:root:Validating file: Danni Rivers & Zoe Bloom donate their Vagina Juice on Stepbro's Sunburned cock.mp4 in /home/max/Videos/.hidden
WARNING:root:File: Danni Rivers & Zoe Bloom donate their Vagina Juice on Stepbro's Sunburned cock.mp4; alraedy exists in db.
DEBUG:root:Validating file: Devon Green - (TeenFidelity).mp4 in /home/max/Videos/.hidden
WARNING:root:File: Devon Green - (TeenFidelity).mp4; alraedy exists in db.
DEBUG:root:Validating file: FamilyStrokes - Busty StepSis Sneaks In Her StepBro's Room For A Quickie.mp4 in /home/max/Videos/.hidden
WARNING:root:File: FamilyStrokes - Busty StepSis Sneaks In Her StepBro's Room For A Quickie.mp4; alraedy exists in db.
DEBUG:root:Validating file: Drunk-girls-are-easy-to-fuck - Punishworld com.mp4 in /home/max/Videos/.hidden
WARNING:root:File: Drunk-girls-are-easy-to-fuck - Punishworld com.mp4; alraedy exists in db.
DEBUG:root:Validating file: Curious Muslim Nadia Ali Gets Filled With Jizz By The Neighbours.mp4 in /home/max/Videos/.hidden
WARNING:root:File: Curious Muslim Nadia Ali Gets Filled With Jizz By The Neighbours.mp4; alraedy exists in db.
DEBUG:root:Validating file: I love watching Netflix with my stepdad_ can I lie on your lap_.mp4 in /home/max/Videos/.hidden
WARNING:root:File: I love watching Netflix with my stepdad_ can I lie on your lap_.mp4; alraedy exists in db.
DEBUG:root:Validating file: Pornstars Big Tits - Gianna Michaels (Gianna Michaels).mp4 in /home/max/Videos/.hidden
WARNING:root:File: Pornstars Big Tits - Gianna Michaels (Gianna Michaels).mp4; alraedy exists in db.
DEBUG:root:Validating file: K and pkf - Darknessporn com.mp4 in /home/max/Videos/.hidden
WARNING:root:File: K and pkf - Darknessporn com.mp4; alraedy exists in db.
DEBUG:root:Validating file: My stepsister and stepmom love my big cock.mp4 in /home/max/Videos/.hidden
WARNING:root:File: My stepsister and stepmom love my big cock.mp4; alraedy exists in db.
DEBUG:root:Validating file: 18 best options p4pi 29 winter jade teenfidelity japanese.mp4 in /home/max/Videos/.hidden
WARNING:root:File: 18 best options p4pi 29 winter jade teenfidelity japanese.mp4; alraedy exists in db.
DEBUG:root:Validating file: Stepsister Wants To Use My Cock As Dildo.mp4 in /home/max/Videos/.hidden
WARNING:root:File: Stepsister Wants To Use My Cock As Dildo.mp4; alraedy exists in db.
DEBUG:root:Validating file: pink haired gang banged at cosplay convention - anybunny com.mp4 in /home/max/Videos/.hidden
WARNING:root:File: pink haired gang banged at cosplay convention - anybunny com.mp4; alraedy exists in db.
DEBUG:root:Validating file: Stepsister secretly fucking stepbro.mp4 in /home/max/Videos/.hidden
WARNING:root:File: Stepsister secretly fucking stepbro.mp4; alraedy exists in db.
DEBUG:root:Validating file: FreeUseGirls - Hot Stepsister & Best Friend Anytime Sex For Big Dick Step Brother.mp4 in /home/max/Videos/.hidden
WARNING:root:File: FreeUseGirls - Hot Stepsister & Best Friend Anytime Sex For Big Dick Step Brother.mp4; alraedy exists in db.
DEBUG:root:Validating file: Big fucks gamer step sister.mp4 in /home/max/Videos/.hidden
WARNING:root:File: Big fucks gamer step sister.mp4; alraedy exists in db.
DEBUG:root:Validating file: Horny huge natural tits mature fucking her y. lover.mp4 in /home/max/Videos/.hidden
WARNING:root:File: Horny huge natural tits mature fucking her y. lover.mp4; alraedy exists in db.
DEBUG:root:Validating file: First time trying anal - went hardcore at the end.mp4 in /home/max/Videos/.hidden
WARNING:root:File: First time trying anal - went hardcore at the end.mp4; alraedy exists in db.
DEBUG:root:Validating file: She pulled over the car lowered her panties and FUCKED right the .mp4 in /home/max/Videos/.hidden
WARNING:root:File: She pulled over the car lowered her panties and FUCKED right the .mp4; alraedy exists in db.
DEBUG:root:Validating file: Gianna michaels super naturals 3.mp4 in /home/max/Videos/.hidden
WARNING:root:File: Gianna michaels super naturals 3.mp4; alraedy exists in db.
DEBUG:root:Validating file: Let_s be quiet___ Our stepfather can_t realize _ he_s secretly putting it all in me _2.mp4 in /home/max/Videos/.hidden
WARNING:root:File: Let_s be quiet___ Our stepfather can_t realize _ he_s secretly putting it all in me _2.mp4; alraedy exists in db.
DEBUG:root:Validating file: Pink Ribbon comma Kay comma Pkf - Darknessporn com.mp4 in /home/max/Videos/.hidden
WARNING:root:File: Pink Ribbon comma Kay comma Pkf - Darknessporn com.mp4; alraedy exists in db.
DEBUG:root:Validating file: The hots for teacher.mp4 in /home/max/Videos/.hidden
WARNING:root:File: The hots for teacher.mp4; alraedy exists in db.
DEBUG:root:Validating file: Watch abella danger border patrol - Abella Danger Border Patrol .mp4 in /home/max/Videos/.hidden
WARNING:root:File: Watch abella danger border patrol - Abella Danger Border Patrol .mp4; alraedy exists in db.
DEBUG:root:Validating file: TEENFIDELITY - LAYLA LONDON.mp4 in /home/max/Videos/.hidden
WARNING:root:File: TEENFIDELITY - LAYLA LONDON.mp4; alraedy exists in db.
DEBUG:root:Validating file: She Reserved Her Own Residence Invasion - Darknessporn com.mp4 in /home/max/Videos/.hidden
WARNING:root:File: She Reserved Her Own Residence Invasion - Darknessporn com.mp4; alraedy exists in db.
DEBUG:root:Validating file: DungeonCorp Sabrina Banks Introducing His Demons 3.mp4 in /home/max/Videos/.hidden
WARNING:root:File: DungeonCorp Sabrina Banks Introducing His Demons 3.mp4; alraedy exists in db.
DEBUG:root:Finding videos in /home/max/Videos/.hidden...
DEBUG:root:Validating file: step Daddy Makes Have Sex.mp4 in /home/max/Videos/.hidden
WARNING:root:File: step Daddy Makes Have Sex.mp4; alraedy exists in db.
DEBUG:root:Validating file: Dorcel Club Mina Sauvage condom ass fucking.mp4 in /home/max/Videos/.hidden
WARNING:root:File: Dorcel Club Mina Sauvage condom ass fucking.mp4; alraedy exists in db.
DEBUG:root:Validating file: Fitness Trainer Fucked A Skinny Russian Beauty.mp4 in /home/max/Videos/.hidden
WARNING:root:File: Fitness Trainer Fucked A Skinny Russian Beauty.mp4; alraedy exists in db.
DEBUG:root:Validating file: Danni Rivers & Zoe Bloom donate their Vagina Juice on Stepbro's Sunburned cock.mp4 in /home/max/Videos/.hidden
WARNING:root:File: Danni Rivers & Zoe Bloom donate their Vagina Juice on Stepbro's Sunburned cock.mp4; alraedy exists in db.
DEBUG:root:Validating file: Devon Green - (TeenFidelity).mp4 in /home/max/Videos/.hidden
WARNING:root:File: Devon Green - (TeenFidelity).mp4; alraedy exists in db.
DEBUG:root:Validating file: FamilyStrokes - Busty StepSis Sneaks In Her StepBro's Room For A Quickie.mp4 in /home/max/Videos/.hidden
WARNING:root:File: FamilyStrokes - Busty StepSis Sneaks In Her StepBro's Room For A Quickie.mp4; alraedy exists in db.
DEBUG:root:Validating file: Drunk-girls-are-easy-to-fuck - Punishworld com.mp4 in /home/max/Videos/.hidden
WARNING:root:File: Drunk-girls-are-easy-to-fuck - Punishworld com.mp4; alraedy exists in db.
DEBUG:root:Validating file: Curious Muslim Nadia Ali Gets Filled With Jizz By The Neighbours.mp4 in /home/max/Videos/.hidden
WARNING:root:File: Curious Muslim Nadia Ali Gets Filled With Jizz By The Neighbours.mp4; alraedy exists in db.
DEBUG:root:Validating file: I love watching Netflix with my stepdad_ can I lie on your lap_.mp4 in /home/max/Videos/.hidden
WARNING:root:File: I love watching Netflix with my stepdad_ can I lie on your lap_.mp4; alraedy exists in db.
DEBUG:root:Validating file: Pornstars Big Tits - Gianna Michaels (Gianna Michaels).mp4 in /home/max/Videos/.hidden
WARNING:root:File: Pornstars Big Tits - Gianna Michaels (Gianna Michaels).mp4; alraedy exists in db.
DEBUG:root:Validating file: K and pkf - Darknessporn com.mp4 in /home/max/Videos/.hidden
WARNING:root:File: K and pkf - Darknessporn com.mp4; alraedy exists in db.
DEBUG:root:Validating file: My stepsister and stepmom love my big cock.mp4 in /home/max/Videos/.hidden
WARNING:root:File: My stepsister and stepmom love my big cock.mp4; alraedy exists in db.
DEBUG:root:Validating file: 18 best options p4pi 29 winter jade teenfidelity japanese.mp4 in /home/max/Videos/.hidden
WARNING:root:File: 18 best options p4pi 29 winter jade teenfidelity japanese.mp4; alraedy exists in db.
DEBUG:root:Validating file: Stepsister Wants To Use My Cock As Dildo.mp4 in /home/max/Videos/.hidden
WARNING:root:File: Stepsister Wants To Use My Cock As Dildo.mp4; alraedy exists in db.
DEBUG:root:Validating file: pink haired gang banged at cosplay convention - anybunny com.mp4 in /home/max/Videos/.hidden
WARNING:root:File: pink haired gang banged at cosplay convention - anybunny com.mp4; alraedy exists in db.
DEBUG:root:Validating file: Stepsister secretly fucking stepbro.mp4 in /home/max/Videos/.hidden
WARNING:root:File: Stepsister secretly fucking stepbro.mp4; alraedy exists in db.
DEBUG:root:Validating file: FreeUseGirls - Hot Stepsister & Best Friend Anytime Sex For Big Dick Step Brother.mp4 in /home/max/Videos/.hidden
WARNING:root:File: FreeUseGirls - Hot Stepsister & Best Friend Anytime Sex For Big Dick Step Brother.mp4; alraedy exists in db.
DEBUG:root:Validating file: Big fucks gamer step sister.mp4 in /home/max/Videos/.hidden
WARNING:root:File: Big fucks gamer step sister.mp4; alraedy exists in db.
DEBUG:root:Validating file: Horny huge natural tits mature fucking her y. lover.mp4 in /home/max/Videos/.hidden
WARNING:root:File: Horny huge natural tits mature fucking her y. lover.mp4; alraedy exists in db.
DEBUG:root:Validating file: First time trying anal - went hardcore at the end.mp4 in /home/max/Videos/.hidden
WARNING:root:File: First time trying anal - went hardcore at the end.mp4; alraedy exists in db.
DEBUG:root:Validating file: She pulled over the car lowered her panties and FUCKED right the .mp4 in /home/max/Videos/.hidden
WARNING:root:File: She pulled over the car lowered her panties and FUCKED right the .mp4; alraedy exists in db.
DEBUG:root:Validating file: Gianna michaels super naturals 3.mp4 in /home/max/Videos/.hidden
WARNING:root:File: Gianna michaels super naturals 3.mp4; alraedy exists in db.
DEBUG:root:Validating file: Let_s be quiet___ Our stepfather can_t realize _ he_s secretly putting it all in me _2.mp4 in /home/max/Videos/.hidden
WARNING:root:File: Let_s be quiet___ Our stepfather can_t realize _ he_s secretly putting it all in me _2.mp4; alraedy exists in db.
DEBUG:root:Validating file: Pink Ribbon comma Kay comma Pkf - Darknessporn com.mp4 in /home/max/Videos/.hidden
WARNING:root:File: Pink Ribbon comma Kay comma Pkf - Darknessporn com.mp4; alraedy exists in db.
DEBUG:root:Validating file: The hots for teacher.mp4 in /home/max/Videos/.hidden
WARNING:root:File: The hots for teacher.mp4; alraedy exists in db.
DEBUG:root:Validating file: Watch abella danger border patrol - Abella Danger Border Patrol .mp4 in /home/max/Videos/.hidden
WARNING:root:File: Watch abella danger border patrol - Abella Danger Border Patrol .mp4; alraedy exists in db.
DEBUG:root:Validating file: TEENFIDELITY - LAYLA LONDON.mp4 in /home/max/Videos/.hidden
WARNING:root:File: TEENFIDELITY - LAYLA LONDON.mp4; alraedy exists in db.
DEBUG:root:Validating file: She Reserved Her Own Residence Invasion - Darknessporn com.mp4 in /home/max/Videos/.hidden
WARNING:root:File: She Reserved Her Own Residence Invasion - Darknessporn com.mp4; alraedy exists in db.
DEBUG:root:Validating file: DungeonCorp Sabrina Banks Introducing His Demons 3.mp4 in /home/max/Videos/.hidden
WARNING:root:File: DungeonCorp Sabrina Banks Introducing His Demons 3.mp4; alraedy exists in db.
DEBUG:root:Finding videos in /home/max/Videos/.hidden...
DEBUG:root:Validating file: step Daddy Makes Have Sex.mp4 in /home/max/Videos/.hidden
WARNING:root:File: step Daddy Makes Have Sex.mp4; alraedy exists in db.
DEBUG:root:Validating file: Dorcel Club Mina Sauvage condom ass fucking.mp4 in /home/max/Videos/.hidden
WARNING:root:File: Dorcel Club Mina Sauvage condom ass fucking.mp4; alraedy exists in db.
DEBUG:root:Validating file: Fitness Trainer Fucked A Skinny Russian Beauty.mp4 in /home/max/Videos/.hidden
WARNING:root:File: Fitness Trainer Fucked A Skinny Russian Beauty.mp4; alraedy exists in db.
DEBUG:root:Validating file: Danni Rivers & Zoe Bloom donate their Vagina Juice on Stepbro's Sunburned cock.mp4 in /home/max/Videos/.hidden
WARNING:root:File: Danni Rivers & Zoe Bloom donate their Vagina Juice on Stepbro's Sunburned cock.mp4; alraedy exists in db.
DEBUG:root:Validating file: Devon Green - (TeenFidelity).mp4 in /home/max/Videos/.hidden
WARNING:root:File: Devon Green - (TeenFidelity).mp4; alraedy exists in db.
DEBUG:root:Validating file: FamilyStrokes - Busty StepSis Sneaks In Her StepBro's Room For A Quickie.mp4 in /home/max/Videos/.hidden
WARNING:root:File: FamilyStrokes - Busty StepSis Sneaks In Her StepBro's Room For A Quickie.mp4; alraedy exists in db.
DEBUG:root:Validating file: Drunk-girls-are-easy-to-fuck - Punishworld com.mp4 in /home/max/Videos/.hidden
WARNING:root:File: Drunk-girls-are-easy-to-fuck - Punishworld com.mp4; alraedy exists in db.
DEBUG:root:Validating file: Curious Muslim Nadia Ali Gets Filled With Jizz By The Neighbours.mp4 in /home/max/Videos/.hidden
WARNING:root:File: Curious Muslim Nadia Ali Gets Filled With Jizz By The Neighbours.mp4; alraedy exists in db.
DEBUG:root:Validating file: I love watching Netflix with my stepdad_ can I lie on your lap_.mp4 in /home/max/Videos/.hidden
WARNING:root:File: I love watching Netflix with my stepdad_ can I lie on your lap_.mp4; alraedy exists in db.
DEBUG:root:Validating file: Pornstars Big Tits - Gianna Michaels (Gianna Michaels).mp4 in /home/max/Videos/.hidden
WARNING:root:File: Pornstars Big Tits - Gianna Michaels (Gianna Michaels).mp4; alraedy exists in db.
DEBUG:root:Validating file: K and pkf - Darknessporn com.mp4 in /home/max/Videos/.hidden
WARNING:root:File: K and pkf - Darknessporn com.mp4; alraedy exists in db.
DEBUG:root:Validating file: My stepsister and stepmom love my big cock.mp4 in /home/max/Videos/.hidden
WARNING:root:File: My stepsister and stepmom love my big cock.mp4; alraedy exists in db.
DEBUG:root:Validating file: 18 best options p4pi 29 winter jade teenfidelity japanese.mp4 in /home/max/Videos/.hidden
WARNING:root:File: 18 best options p4pi 29 winter jade teenfidelity japanese.mp4; alraedy exists in db.
DEBUG:root:Validating file: Stepsister Wants To Use My Cock As Dildo.mp4 in /home/max/Videos/.hidden
WARNING:root:File: Stepsister Wants To Use My Cock As Dildo.mp4; alraedy exists in db.
DEBUG:root:Validating file: pink haired gang banged at cosplay convention - anybunny com.mp4 in /home/max/Videos/.hidden
WARNING:root:File: pink haired gang banged at cosplay convention - anybunny com.mp4; alraedy exists in db.
DEBUG:root:Validating file: Stepsister secretly fucking stepbro.mp4 in /home/max/Videos/.hidden
WARNING:root:File: Stepsister secretly fucking stepbro.mp4; alraedy exists in db.
DEBUG:root:Validating file: FreeUseGirls - Hot Stepsister & Best Friend Anytime Sex For Big Dick Step Brother.mp4 in /home/max/Videos/.hidden
WARNING:root:File: FreeUseGirls - Hot Stepsister & Best Friend Anytime Sex For Big Dick Step Brother.mp4; alraedy exists in db.
DEBUG:root:Validating file: Big fucks gamer step sister.mp4 in /home/max/Videos/.hidden
WARNING:root:File: Big fucks gamer step sister.mp4; alraedy exists in db.
DEBUG:root:Validating file: Horny huge natural tits mature fucking her y. lover.mp4 in /home/max/Videos/.hidden
WARNING:root:File: Horny huge natural tits mature fucking her y. lover.mp4; alraedy exists in db.
DEBUG:root:Validating file: First time trying anal - went hardcore at the end.mp4 in /home/max/Videos/.hidden
WARNING:root:File: First time trying anal - went hardcore at the end.mp4; alraedy exists in db.
DEBUG:root:Validating file: She pulled over the car lowered her panties and FUCKED right the .mp4 in /home/max/Videos/.hidden
WARNING:root:File: She pulled over the car lowered her panties and FUCKED right the .mp4; alraedy exists in db.
DEBUG:root:Validating file: Gianna michaels super naturals 3.mp4 in /home/max/Videos/.hidden
WARNING:root:File: Gianna michaels super naturals 3.mp4; alraedy exists in db.
DEBUG:root:Validating file: Let_s be quiet___ Our stepfather can_t realize _ he_s secretly putting it all in me _2.mp4 in /home/max/Videos/.hidden
WARNING:root:File: Let_s be quiet___ Our stepfather can_t realize _ he_s secretly putting it all in me _2.mp4; alraedy exists in db.
DEBUG:root:Validating file: Pink Ribbon comma Kay comma Pkf - Darknessporn com.mp4 in /home/max/Videos/.hidden
WARNING:root:File: Pink Ribbon comma Kay comma Pkf - Darknessporn com.mp4; alraedy exists in db.
DEBUG:root:Validating file: The hots for teacher.mp4 in /home/max/Videos/.hidden
WARNING:root:File: The hots for teacher.mp4; alraedy exists in db.
DEBUG:root:Validating file: Watch abella danger border patrol - Abella Danger Border Patrol .mp4 in /home/max/Videos/.hidden
WARNING:root:File: Watch abella danger border patrol - Abella Danger Border Patrol .mp4; alraedy exists in db.
DEBUG:root:Validating file: TEENFIDELITY - LAYLA LONDON.mp4 in /home/max/Videos/.hidden
WARNING:root:File: TEENFIDELITY - LAYLA LONDON.mp4; alraedy exists in db.
DEBUG:root:Validating file: She Reserved Her Own Residence Invasion - Darknessporn com.mp4 in /home/max/Videos/.hidden
WARNING:root:File: She Reserved Her Own Residence Invasion - Darknessporn com.mp4; alraedy exists in db.
DEBUG:root:Validating file: DungeonCorp Sabrina Banks Introducing His Demons 3.mp4 in /home/max/Videos/.hidden
WARNING:root:File: DungeonCorp Sabrina Banks Introducing His Demons 3.mp4; alraedy exists in db.
DEBUG:root:Finding videos in /home/max/Videos/.hidden...
DEBUG:root:Validating file: step Daddy Makes Have Sex.mp4 in /home/max/Videos/.hidden
WARNING:root:File: step Daddy Makes Have Sex.mp4; alraedy exists in db.
DEBUG:root:Validating file: Dorcel Club Mina Sauvage condom ass fucking.mp4 in /home/max/Videos/.hidden
WARNING:root:File: Dorcel Club Mina Sauvage condom ass fucking.mp4; alraedy exists in db.
DEBUG:root:Validating file: Fitness Trainer Fucked A Skinny Russian Beauty.mp4 in /home/max/Videos/.hidden
WARNING:root:File: Fitness Trainer Fucked A Skinny Russian Beauty.mp4; alraedy exists in db.
DEBUG:root:Validating file: Danni Rivers & Zoe Bloom donate their Vagina Juice on Stepbro's Sunburned cock.mp4 in /home/max/Videos/.hidden
WARNING:root:File: Danni Rivers & Zoe Bloom donate their Vagina Juice on Stepbro's Sunburned cock.mp4; alraedy exists in db.
DEBUG:root:Validating file: Devon Green - (TeenFidelity).mp4 in /home/max/Videos/.hidden
WARNING:root:File: Devon Green - (TeenFidelity).mp4; alraedy exists in db.
DEBUG:root:Validating file: FamilyStrokes - Busty StepSis Sneaks In Her StepBro's Room For A Quickie.mp4 in /home/max/Videos/.hidden
WARNING:root:File: FamilyStrokes - Busty StepSis Sneaks In Her StepBro's Room For A Quickie.mp4; alraedy exists in db.
DEBUG:root:Validating file: Drunk-girls-are-easy-to-fuck - Punishworld com.mp4 in /home/max/Videos/.hidden
WARNING:root:File: Drunk-girls-are-easy-to-fuck - Punishworld com.mp4; alraedy exists in db.
DEBUG:root:Validating file: Curious Muslim Nadia Ali Gets Filled With Jizz By The Neighbours.mp4 in /home/max/Videos/.hidden
WARNING:root:File: Curious Muslim Nadia Ali Gets Filled With Jizz By The Neighbours.mp4; alraedy exists in db.
DEBUG:root:Validating file: I love watching Netflix with my stepdad_ can I lie on your lap_.mp4 in /home/max/Videos/.hidden
WARNING:root:File: I love watching Netflix with my stepdad_ can I lie on your lap_.mp4; alraedy exists in db.
DEBUG:root:Validating file: Pornstars Big Tits - Gianna Michaels (Gianna Michaels).mp4 in /home/max/Videos/.hidden
WARNING:root:File: Pornstars Big Tits - Gianna Michaels (Gianna Michaels).mp4; alraedy exists in db.
DEBUG:root:Validating file: K and pkf - Darknessporn com.mp4 in /home/max/Videos/.hidden
WARNING:root:File: K and pkf - Darknessporn com.mp4; alraedy exists in db.
DEBUG:root:Validating file: My stepsister and stepmom love my big cock.mp4 in /home/max/Videos/.hidden
WARNING:root:File: My stepsister and stepmom love my big cock.mp4; alraedy exists in db.
DEBUG:root:Validating file: 18 best options p4pi 29 winter jade teenfidelity japanese.mp4 in /home/max/Videos/.hidden
WARNING:root:File: 18 best options p4pi 29 winter jade teenfidelity japanese.mp4; alraedy exists in db.
DEBUG:root:Validating file: Stepsister Wants To Use My Cock As Dildo.mp4 in /home/max/Videos/.hidden
WARNING:root:File: Stepsister Wants To Use My Cock As Dildo.mp4; alraedy exists in db.
DEBUG:root:Validating file: pink haired gang banged at cosplay convention - anybunny com.mp4 in /home/max/Videos/.hidden
WARNING:root:File: pink haired gang banged at cosplay convention - anybunny com.mp4; alraedy exists in db.
DEBUG:root:Validating file: Stepsister secretly fucking stepbro.mp4 in /home/max/Videos/.hidden
WARNING:root:File: Stepsister secretly fucking stepbro.mp4; alraedy exists in db.
DEBUG:root:Validating file: FreeUseGirls - Hot Stepsister & Best Friend Anytime Sex For Big Dick Step Brother.mp4 in /home/max/Videos/.hidden
WARNING:root:File: FreeUseGirls - Hot Stepsister & Best Friend Anytime Sex For Big Dick Step Brother.mp4; alraedy exists in db.
DEBUG:root:Validating file: Big fucks gamer step sister.mp4 in /home/max/Videos/.hidden
WARNING:root:File: Big fucks gamer step sister.mp4; alraedy exists in db.
DEBUG:root:Validating file: Horny huge natural tits mature fucking her y. lover.mp4 in /home/max/Videos/.hidden
WARNING:root:File: Horny huge natural tits mature fucking her y. lover.mp4; alraedy exists in db.
DEBUG:root:Validating file: First time trying anal - went hardcore at the end.mp4 in /home/max/Videos/.hidden
WARNING:root:File: First time trying anal - went hardcore at the end.mp4; alraedy exists in db.
DEBUG:root:Validating file: She pulled over the car lowered her panties and FUCKED right the .mp4 in /home/max/Videos/.hidden
WARNING:root:File: She pulled over the car lowered her panties and FUCKED right the .mp4; alraedy exists in db.
DEBUG:root:Validating file: Gianna michaels super naturals 3.mp4 in /home/max/Videos/.hidden
WARNING:root:File: Gianna michaels super naturals 3.mp4; alraedy exists in db.
DEBUG:root:Validating file: Let_s be quiet___ Our stepfather can_t realize _ he_s secretly putting it all in me _2.mp4 in /home/max/Videos/.hidden
WARNING:root:File: Let_s be quiet___ Our stepfather can_t realize _ he_s secretly putting it all in me _2.mp4; alraedy exists in db.
DEBUG:root:Validating file: Pink Ribbon comma Kay comma Pkf - Darknessporn com.mp4 in /home/max/Videos/.hidden
WARNING:root:File: Pink Ribbon comma Kay comma Pkf - Darknessporn com.mp4; alraedy exists in db.
DEBUG:root:Validating file: The hots for teacher.mp4 in /home/max/Videos/.hidden
WARNING:root:File: The hots for teacher.mp4; alraedy exists in db.
DEBUG:root:Validating file: Watch abella danger border patrol - Abella Danger Border Patrol .mp4 in /home/max/Videos/.hidden
WARNING:root:File: Watch abella danger border patrol - Abella Danger Border Patrol .mp4; alraedy exists in db.
DEBUG:root:Validating file: TEENFIDELITY - LAYLA LONDON.mp4 in /home/max/Videos/.hidden
WARNING:root:File: TEENFIDELITY - LAYLA LONDON.mp4; alraedy exists in db.
DEBUG:root:Validating file: She Reserved Her Own Residence Invasion - Darknessporn com.mp4 in /home/max/Videos/.hidden
WARNING:root:File: She Reserved Her Own Residence Invasion - Darknessporn com.mp4; alraedy exists in db.
DEBUG:root:Validating file: DungeonCorp Sabrina Banks Introducing His Demons 3.mp4 in /home/max/Videos/.hidden
WARNING:root:File: DungeonCorp Sabrina Banks Introducing His Demons 3.mp4; alraedy exists in db.
DEBUG:root:Validating file: HE LIKES THEM SMALL - Submissive Cutie Cumming Hard.mp4 in /home/max/Videos/.hidden/pornhub/videos
DEBUG:root:Validating file: I Just Wanted to Watch a Movie and then this Happened.mp4 in /home/max/Videos/.hidden/pornhub/videos
DEBUG:root:Validating file: I Just Wanted to Watch a Movie and then this Happened[ pornhub ].json in /home/max/Videos/.hidden/Initials
WARNING:root:file: I Just Wanted to Watch a Movie and then this Happened[ pornhub ].json; doesn't meat the criteria: False or True
DEBUG:root:Validating file: HE LIKES THEM SMALL - Submissive Cutie Cumming Hard[ pornhub ].json in /home/max/Videos/.hidden/Initials
WARNING:root:file: HE LIKES THEM SMALL - Submissive Cutie Cumming Hard[ pornhub ].json; doesn't meat the criteria: False or True
DEBUG:asyncio:Using selector: EpollSelector
DEBUG:asyncio:Using selector: EpollSelector
